{
  "RSpec": {
    "coverage": {
      "C:/lib/3DEV/esm-api/spec/models/item_spec.rb": [
        null,
        1,
        null,
        null,
        1,
        null,
        null,
        2,
        null,
        null,
        2,
        null
      ],
      "C:/lib/3DEV/esm-api/spec/rails_helper.rb": [
        null,
        1,
        1,
        1,
        null,
        1,
        1,
        1,
        null,
        null,
        null,
        null,
        null,
        null,
        null,
        null,
        null,
        null,
        null,
        null,
        null,
        null,
        null,
        null,
        null,
        null,
        null,
        null,
        1,
        null,
        0,
        0,
        null,
        null,
        null,
        null,
        null,
        null,
        1,
        1,
        1,
        1,
        null,
        null,
        null,
        null,
        1,
        null,
        null,
        1,
        null,
        null,
        1,
        1,
        1,
        null,
        null,
        null,
        1,
        11,
        11,
        null,
        null,
        null,
        1,
        null,
        null,
        null,
        null,
        null,
        null,
        null,
        null,
        null,
        null,
        null,
        null,
        null,
        null,
        null,
        null,
        null,
        null,
        null,
        null,
        null,
        null,
        null,
        null,
        null,
        null,
        null,
        null,
        null,
        null,
        null,
        null,
        null,
        null
      ],
      "C:/lib/3DEV/esm-api/config/environment.rb": [
        null,
        1,
        null,
        null,
        1
      ],
      "C:/lib/3DEV/esm-api/config/application.rb": [
        1,
        null,
        1,
        null,
        1,
        1,
        1,
        1,
        1,
        1,
        1,
        1,
        null,
        1,
        null,
        null,
        null,
        1,
        null,
        1,
        1,
        null,
        1,
        null,
        null,
        null,
        null,
        null,
        null,
        null,
        null,
        null,
        1,
        null,
        null
      ],
      "C:/lib/3DEV/esm-api/config/boot.rb": [
        1,
        null,
        1,
        1
      ],
      "C:/lib/3DEV/esm-api/config/environments/test.rb": [
        1,
        null,
        null,
        null,
        null,
        null,
        null,
        1,
        null,
        null,
        null,
        null,
        1,
        null,
        null,
        1,
        1,
        null,
        null,
        null,
        null,
        1,
        1,
        null,
        null,
        1,
        null,
        null,
        1,
        null,
        null,
        1,
        null,
        1,
        null,
        null,
        null,
        null,
        1,
        null,
        null,
        1,
        null,
        null,
        null,
        null
      ],
      "C:/lib/3DEV/esm-api/config/initializers/application_controller_renderer.rb": [
        null,
        null,
        null,
        null,
        null,
        null,
        null,
        null
      ],
      "C:/lib/3DEV/esm-api/config/initializers/backtrace_silencers.rb": [
        null,
        null,
        null,
        null,
        null,
        null,
        null
      ],
      "C:/lib/3DEV/esm-api/config/initializers/cors.rb": [
        null,
        null,
        null,
        null,
        null,
        null,
        null,
        1,
        1,
        1,
        null,
        1,
        null,
        null,
        null,
        null
      ],
      "C:/lib/3DEV/esm-api/config/initializers/filter_parameter_logging.rb": [
        null,
        null,
        null,
        1
      ],
      "C:/lib/3DEV/esm-api/config/initializers/inflections.rb": [
        null,
        null,
        null,
        null,
        null,
        null,
        null,
        null,
        null,
        null,
        null,
        null,
        null,
        null,
        null,
        null
      ],
      "C:/lib/3DEV/esm-api/config/initializers/mime_types.rb": [
        null,
        null,
        null,
        null
      ],
      "C:/lib/3DEV/esm-api/config/initializers/wrap_parameters.rb": [
        null,
        null,
        null,
        null,
        null,
        null,
        1,
        2,
        null,
        null,
        null,
        null,
        null,
        null
      ],
      "C:/lib/3DEV/esm-api/spec/factories/items.rb": [
        1,
        1,
        1,
        null,
        null
      ],
      "C:/lib/3DEV/esm-api/spec/factories/users.rb": [
        1,
        1,
        1,
        1,
        1,
        null,
        null
      ],
      "C:/lib/3DEV/esm-api/config/routes.rb": [
        1,
        null,
        null,
        1,
        1,
        1,
        null,
        1,
        null,
        1,
        null,
        null,
        null
      ],
      "C:/lib/3DEV/esm-api/spec/support/test_spec_helpers.rb": [
        1,
        null,
        1,
        4,
        null,
        null
      ],
      "C:/lib/3DEV/esm-api/app/models/item.rb": [
        1,
        1,
        null,
        1,
        null
      ],
      "C:/lib/3DEV/esm-api/app/models/application_record.rb": [
        1,
        1,
        null
      ],
      "C:/lib/3DEV/esm-api/spec/models/user_spec.rb": [
        1,
        null,
        null,
        1,
        null,
        null,
        2,
        null,
        null,
        2,
        2,
        2,
        null
      ],
      "C:/lib/3DEV/esm-api/app/models/user.rb": [
        1,
        1,
        null,
        1,
        null
      ],
      "C:/lib/3DEV/esm-api/spec/requests/status_spec.rb": [
        null,
        1,
        null,
        1,
        null,
        null,
        1,
        null,
        4,
        null,
        1,
        null,
        1,
        1,
        null,
        null,
        1,
        1,
        1,
        null,
        null,
        null,
        1,
        1,
        null,
        null,
        null,
        null
      ],
      "C:/lib/3DEV/esm-api/spec/requests/usersearch_spec.rb": [
        1,
        null,
        1,
        1,
        2,
        2,
        null,
        null,
        1,
        1,
        1,
        1,
        1,
        null,
        null,
        1,
        1,
        1,
        1,
        1,
        null,
        null
      ],
      "C:/lib/3DEV/esm-api/app/controllers/api/v1/status_controller.rb": [
        1,
        1,
        1,
        1,
        3,
        null,
        null,
        null,
        null
      ],
      "C:/lib/3DEV/esm-api/app/controllers/application_controller.rb": [
        1,
        null
      ],
      "C:/lib/3DEV/esm-api/app/controllers/api/v1/users_controller.rb": [
        1,
        1,
        1,
        null,
        1,
        0,
        0,
        null,
        null,
        null,
        1,
        0,
        0,
        null,
        null,
        null,
        1,
        4,
        null,
        4,
        4,
        null,
        0,
        null,
        null,
        null,
        null,
        1,
        0,
        0,
        0,
        null,
        null,
        null,
        1,
        0,
        null,
        0,
        0,
        null,
        0,
        null,
        null,
        null,
        null,
        1,
        null,
        null,
        2,
        null,
        2,
        1,
        null,
        1,
        null,
        null,
        null,
        null,
        null,
        null,
        null,
        null,
        null,
        null,
        null,
        null,
        null,
        1,
        null,
        1,
        4,
        null,
        null,
        null,
        null,
        null,
        null,
        null,
        null,
        null,
        null,
        null,
        null,
        null,
        null,
        null,
        null,
        null
      ]
    },
    "timestamp": 1563294882
  }
}
