{
  "RSpec": {
    "coverage": {
      "C:/lib/3DEV/esm-api/spec/models/project_spec.rb": [
        1,
        null,
        1,
        null,
        2,
        2,
        2,
        null
      ],
      "C:/lib/3DEV/esm-api/spec/rails_helper.rb": [
        null,
        1,
        1,
        1,
        null,
        1,
        1,
        1,
        null,
        null,
        null,
        null,
        null,
        null,
        null,
        null,
        null,
        null,
        null,
        null,
        null,
        null,
        null,
        null,
        null,
        null,
        null,
        null,
        1,
        null,
        0,
        0,
        null,
        null,
        null,
        null,
        null,
        null,
        1,
        1,
        1,
        1,
        null,
        null,
        null,
        null,
        1,
        null,
        null,
        1,
        null,
        null,
        1,
        1,
        1,
        null,
        null,
        null,
        1,
        26,
        26,
        null,
        null,
        null,
        1,
        null,
        null,
        null,
        null,
        null,
        null,
        null,
        null,
        null,
        null,
        null,
        null,
        null,
        null,
        null,
        null,
        null,
        null,
        null,
        null,
        null,
        null,
        null,
        null,
        null,
        null,
        null,
        null,
        null,
        null,
        null,
        null,
        null,
        null
      ],
      "C:/lib/3DEV/esm-api/config/environment.rb": [
        null,
        1,
        null,
        null,
        1
      ],
      "C:/lib/3DEV/esm-api/config/application.rb": [
        1,
        null,
        1,
        null,
        1,
        1,
        1,
        1,
        1,
        1,
        1,
        1,
        null,
        1,
        null,
        null,
        null,
        1,
        null,
        1,
        1,
        null,
        1,
        null,
        null,
        null,
        null,
        null,
        null,
        null,
        null,
        null,
        1,
        null,
        null
      ],
      "C:/lib/3DEV/esm-api/config/boot.rb": [
        1,
        null,
        1,
        1
      ],
      "C:/lib/3DEV/esm-api/config/environments/test.rb": [
        1,
        null,
        null,
        null,
        null,
        null,
        null,
        1,
        null,
        null,
        null,
        null,
        1,
        null,
        null,
        1,
        1,
        null,
        null,
        null,
        null,
        1,
        1,
        null,
        null,
        1,
        null,
        null,
        1,
        null,
        null,
        1,
        null,
        1,
        null,
        null,
        null,
        null,
        1,
        null,
        null,
        1,
        null,
        null,
        null,
        null
      ],
      "C:/lib/3DEV/esm-api/config/initializers/application_controller_renderer.rb": [
        null,
        null,
        null,
        null,
        null,
        null,
        null,
        null
      ],
      "C:/lib/3DEV/esm-api/config/initializers/backtrace_silencers.rb": [
        null,
        null,
        null,
        null,
        null,
        null,
        null
      ],
      "C:/lib/3DEV/esm-api/config/initializers/cors.rb": [
        null,
        null,
        null,
        null,
        null,
        null,
        null,
        1,
        1,
        1,
        null,
        1,
        null,
        null,
        null,
        null
      ],
      "C:/lib/3DEV/esm-api/config/initializers/filter_parameter_logging.rb": [
        null,
        null,
        null,
        1
      ],
      "C:/lib/3DEV/esm-api/config/initializers/inflections.rb": [
        null,
        null,
        null,
        null,
        null,
        null,
        null,
        null,
        null,
        null,
        null,
        null,
        null,
        null,
        null,
        null
      ],
      "C:/lib/3DEV/esm-api/config/initializers/mime_types.rb": [
        null,
        null,
        null,
        null
      ],
      "C:/lib/3DEV/esm-api/config/initializers/wrap_parameters.rb": [
        null,
        null,
        null,
        null,
        null,
        null,
        1,
        2,
        null,
        null,
        null,
        null,
        null,
        null
      ],
      "C:/lib/3DEV/esm-api/spec/factories/projects.rb": [
        1,
        1,
        71,
        71,
        71,
        71,
        null,
        null,
        null
      ],
      "C:/lib/3DEV/esm-api/spec/factories/tasks.rb": [
        1,
        1,
        1,
        null,
        null
      ],
      "C:/lib/3DEV/esm-api/spec/factories/users.rb": [
        1,
        1,
        61,
        61,
        61,
        61,
        null,
        null
      ],
      "C:/lib/3DEV/esm-api/config/routes.rb": [
        1,
        null,
        null,
        1,
        1,
        1,
        null,
        1,
        null,
        1,
        null,
        1,
        null,
        null,
        null
      ],
      "C:/lib/3DEV/esm-api/spec/support/test_spec_helpers.rb": [
        1,
        null,
        1,
        17,
        null,
        null
      ],
      "C:/lib/3DEV/esm-api/app/models/project.rb": [
        1,
        1,
        null,
        1,
        null
      ],
      "C:/lib/3DEV/esm-api/app/models/application_record.rb": [
        1,
        1,
        null
      ],
      "C:/lib/3DEV/esm-api/spec/models/task_spec.rb": [
        1,
        null,
        null,
        1,
        null,
        2,
        2,
        null
      ],
      "C:/lib/3DEV/esm-api/app/models/task.rb": [
        1,
        1,
        null,
        1,
        null
      ],
      "C:/lib/3DEV/esm-api/spec/models/user_spec.rb": [
        1,
        null,
        null,
        1,
        null,
        2,
        2,
        2,
        2,
        null
      ],
      "C:/lib/3DEV/esm-api/app/models/user.rb": [
        1,
        null,
        1,
        null,
        null,
        null,
        null,
        null,
        null,
        null
      ],
      "C:/lib/3DEV/esm-api/spec/requests/projects_spec.rb": [
        null,
        1,
        null,
        1,
        8,
        null,
        1,
        1,
        1,
        1,
        1,
        null,
        null,
        1,
        1,
        1,
        null,
        null,
        null,
        null,
        null,
        1,
        1,
        null,
        null,
        1,
        1,
        1,
        1,
        null,
        null,
        1,
        1,
        1,
        1,
        1,
        null,
        null,
        1,
        1,
        1,
        1,
        1,
        1,
        1,
        null,
        null,
        1,
        1,
        1,
        1,
        1,
        1,
        1,
        1,
        1,
        1,
        2,
        2,
        null,
        null,
        1,
        1,
        1,
        1,
        1,
        1,
        1,
        null,
        null,
        null
      ],
      "C:/lib/3DEV/esm-api/spec/requests/status_spec.rb": [
        null,
        1,
        null,
        1,
        1,
        3,
        null,
        1,
        1,
        1,
        null,
        null,
        1,
        1,
        null,
        null,
        null,
        null
      ],
      "C:/lib/3DEV/esm-api/spec/requests/users_spec.rb": [
        null,
        1,
        null,
        1,
        7,
        1,
        null,
        null,
        1,
        null,
        null,
        1,
        null,
        1,
        1,
        1,
        null,
        null,
        1,
        1,
        1,
        null,
        null,
        1,
        1,
        1,
        null,
        null,
        1,
        1,
        1,
        1,
        1,
        null,
        null,
        1,
        1,
        1,
        1,
        1,
        null,
        null,
        1,
        1,
        1,
        1,
        1,
        1,
        1,
        null,
        null,
        null
      ],
      "C:/lib/3DEV/esm-api/spec/requests/usersearch_spec.rb": [
        1,
        null,
        1,
        1,
        2,
        2,
        null,
        null,
        1,
        1,
        1,
        1,
        1,
        null,
        null,
        1,
        1,
        1,
        1,
        1,
        null,
        null
      ],
      "C:/lib/3DEV/esm-api/app/controllers/api/v1/projects_controller.rb": [
        1,
        null,
        1,
        1,
        1,
        null,
        null,
        1,
        1,
        null,
        1,
        1,
        null,
        0,
        null,
        null,
        null,
        1,
        4,
        1,
        1,
        null,
        null,
        null,
        null,
        1,
        null,
        3,
        3,
        null,
        null,
        null,
        1,
        2,
        2,
        2,
        null,
        null,
        1,
        1,
        null,
        1,
        1,
        null,
        0,
        null,
        null,
        null,
        null,
        null,
        1,
        1,
        2,
        null,
        null
      ],
      "C:/lib/3DEV/esm-api/app/controllers/application_controller.rb": [
        1,
        null
      ],
      "C:/lib/3DEV/esm-api/app/controllers/api/v1/status_controller.rb": [
        1,
        1,
        2,
        null,
        null,
        null
      ],
      "C:/lib/3DEV/esm-api/app/controllers/api/v1/users_controller.rb": [
        1,
        null,
        1,
        2,
        2,
        null,
        null,
        null,
        1,
        3,
        3,
        null,
        null,
        null,
        1,
        5,
        null,
        5,
        5,
        null,
        0,
        null,
        null,
        null,
        null,
        1,
        1,
        1,
        1,
        null,
        null,
        null,
        1,
        1,
        null,
        1,
        1,
        null,
        0,
        null,
        null,
        null,
        null,
        1,
        2,
        null,
        2,
        1,
        null,
        1,
        null,
        null,
        null,
        null,
        1,
        null,
        1,
        6,
        null,
        null,
        null,
        null,
        null,
        null,
        null,
        null,
        null,
        null,
        null,
        null,
        null,
        null,
        null,
        null,
        null
      ]
    },
    "timestamp": 1563808569
  }
}
